<?xml version="1.0" encoding="UTF-8"?>
<!-- Generated by org.testng.reporters.JUnitReportReporter -->
<testsuite hostname="DESKTOP-STVDEQP" failures="0" tests="1" name="qa.tests.Testcase1" time="5.476" errors="0" timestamp="2025-03-02T13:19:29 IST" skipped="0">
  <testcase classname="qa.tests.Testcase1" name="verifyValidLgin" time="5.476"/>
</testsuite> <!-- qa.tests.Testcase1 -->
