<?xml version="1.0" encoding="UTF-8"?>
<!-- Generated by org.testng.reporters.JUnitReportReporter -->
<testsuite hostname="DESKTOP-STVDEQP" failures="0" tests="1" name="qa.tests.Testcase1" time="6.980" errors="0" timestamp="2025-03-02T09:52:11 IST" skipped="0">
  <testcase classname="qa.tests.Testcase1" name="MethodForEnteringCredentials" time="6.980"/>
</testsuite> <!-- qa.tests.Testcase1 -->
